15:55:56.448 [ApplicationImpl pooled thread 3177] INFO  c.b.l.BrowserStackRunExtension - cucumber java
15:55:56.448 [ApplicationImpl pooled thread 3177] INFO  com.browserstack.utils.Helpers - null
15:55:56.449 [ApplicationImpl pooled thread 3177] INFO  c.b.l.BrowserStackRunExtension - Agent path: null
16:41:20.961 [ApplicationImpl pooled thread 3206] INFO  c.b.l.BrowserStackRunExtension - cucumber java
16:41:20.961 [ApplicationImpl pooled thread 3206] INFO  com.browserstack.utils.Helpers - null
16:41:20.962 [ApplicationImpl pooled thread 3206] INFO  c.b.l.BrowserStackRunExtension - Agent path: null
16:45:48.607 [ApplicationImpl pooled thread 3206] INFO  c.b.l.BrowserStackRunExtension - cucumber java
16:45:48.608 [ApplicationImpl pooled thread 3206] INFO  com.browserstack.utils.Helpers - null
16:45:48.608 [ApplicationImpl pooled thread 3206] INFO  c.b.l.BrowserStackRunExtension - Agent path: null
16:45:54.322 [ApplicationImpl pooled thread 3211] INFO  c.b.l.BrowserStackRunExtension - cucumber java
16:45:54.322 [ApplicationImpl pooled thread 3211] INFO  com.browserstack.utils.Helpers - null
16:45:54.322 [ApplicationImpl pooled thread 3211] INFO  c.b.l.BrowserStackRunExtension - Agent path: null
16:46:06.239 [ApplicationImpl pooled thread 3204] INFO  c.b.l.BrowserStackRunExtension - cucumber java
16:46:06.239 [ApplicationImpl pooled thread 3204] INFO  com.browserstack.utils.Helpers - null
16:46:06.239 [ApplicationImpl pooled thread 3204] INFO  c.b.l.BrowserStackRunExtension - Agent path: null
16:47:44.414 [ApplicationImpl pooled thread 3214] INFO  c.b.l.BrowserStackRunExtension - cucumber java
16:47:44.415 [ApplicationImpl pooled thread 3214] INFO  com.browserstack.utils.Helpers - null
16:47:44.415 [ApplicationImpl pooled thread 3214] INFO  c.b.l.BrowserStackRunExtension - Agent path: null
17:18:47.939 [ApplicationImpl pooled thread 3229] INFO  c.b.l.BrowserStackRunExtension - cucumber java
17:18:47.939 [ApplicationImpl pooled thread 3229] INFO  com.browserstack.utils.Helpers - null
17:18:47.939 [ApplicationImpl pooled thread 3229] INFO  c.b.l.BrowserStackRunExtension - Agent path: null
10:28:50.011 [ApplicationImpl pooled thread 3365] INFO  c.b.l.BrowserStackRunExtension - cucumber java
10:28:50.012 [ApplicationImpl pooled thread 3365] INFO  com.browserstack.utils.Helpers - null
10:28:50.012 [ApplicationImpl pooled thread 3365] INFO  c.b.l.BrowserStackRunExtension - Agent path: null
10:29:42.210 [ApplicationImpl pooled thread 3374] INFO  c.b.l.BrowserStackRunExtension - cucumber java
10:29:42.210 [ApplicationImpl pooled thread 3374] INFO  com.browserstack.utils.Helpers - null
10:29:42.211 [ApplicationImpl pooled thread 3374] INFO  c.b.l.BrowserStackRunExtension - Agent path: null
10:31:29.359 [ApplicationImpl pooled thread 3378] INFO  c.b.l.BrowserStackRunExtension - cucumber java
10:31:29.359 [ApplicationImpl pooled thread 3378] INFO  com.browserstack.utils.Helpers - null
10:31:29.359 [ApplicationImpl pooled thread 3378] INFO  c.b.l.BrowserStackRunExtension - Agent path: null
10:51:50.392 [ApplicationImpl pooled thread 3391] INFO  c.b.l.BrowserStackRunExtension - cucumber java
10:51:50.392 [ApplicationImpl pooled thread 3391] INFO  com.browserstack.utils.Helpers - null
10:51:50.392 [ApplicationImpl pooled thread 3391] INFO  c.b.l.BrowserStackRunExtension - Agent path: null
10:53:48.905 [ApplicationImpl pooled thread 3390] INFO  c.b.l.BrowserStackRunExtension - cucumber java
10:53:48.905 [ApplicationImpl pooled thread 3390] INFO  com.browserstack.utils.Helpers - null
10:53:48.905 [ApplicationImpl pooled thread 3390] INFO  c.b.l.BrowserStackRunExtension - Agent path: null
10:54:35.483 [ApplicationImpl pooled thread 3390] INFO  c.b.l.BrowserStackRunExtension - cucumber java
10:54:35.483 [ApplicationImpl pooled thread 3390] INFO  com.browserstack.utils.Helpers - null
10:54:35.483 [ApplicationImpl pooled thread 3390] INFO  c.b.l.BrowserStackRunExtension - Agent path: null
10:54:42.111 [ApplicationImpl pooled thread 3390] INFO  c.b.l.BrowserStackRunExtension - cucumber java
10:54:42.111 [ApplicationImpl pooled thread 3390] INFO  com.browserstack.utils.Helpers - null
10:54:42.112 [ApplicationImpl pooled thread 3390] INFO  c.b.l.BrowserStackRunExtension - Agent path: null
10:55:45.003 [ApplicationImpl pooled thread 3392] INFO  c.b.l.BrowserStackRunExtension - cucumber java
10:55:45.003 [ApplicationImpl pooled thread 3392] INFO  com.browserstack.utils.Helpers - null
10:55:45.003 [ApplicationImpl pooled thread 3392] INFO  c.b.l.BrowserStackRunExtension - Agent path: null
10:58:57.491 [ApplicationImpl pooled thread 3395] INFO  c.b.l.BrowserStackRunExtension - cucumber java
10:58:57.491 [ApplicationImpl pooled thread 3395] INFO  com.browserstack.utils.Helpers - null
10:58:57.491 [ApplicationImpl pooled thread 3395] INFO  c.b.l.BrowserStackRunExtension - Agent path: null
11:46:53.836 [ApplicationImpl pooled thread 3398] INFO  c.b.l.BrowserStackRunExtension - cucumber java
11:46:53.836 [ApplicationImpl pooled thread 3398] INFO  com.browserstack.utils.Helpers - null
11:46:53.837 [ApplicationImpl pooled thread 3398] INFO  c.b.l.BrowserStackRunExtension - Agent path: null
11:47:42.999 [ApplicationImpl pooled thread 3425] INFO  c.b.l.BrowserStackRunExtension - cucumber java
11:47:42.999 [ApplicationImpl pooled thread 3425] INFO  com.browserstack.utils.Helpers - null
11:47:43.000 [ApplicationImpl pooled thread 3425] INFO  c.b.l.BrowserStackRunExtension - Agent path: null
11:50:15.986 [ApplicationImpl pooled thread 3425] INFO  c.b.l.BrowserStackRunExtension - cucumber java
11:50:15.986 [ApplicationImpl pooled thread 3425] INFO  com.browserstack.utils.Helpers - null
11:50:15.987 [ApplicationImpl pooled thread 3425] INFO  c.b.l.BrowserStackRunExtension - Agent path: null
11:51:21.050 [ApplicationImpl pooled thread 3431] INFO  c.b.l.BrowserStackRunExtension - cucumber java
11:51:21.050 [ApplicationImpl pooled thread 3431] INFO  com.browserstack.utils.Helpers - null
11:51:21.051 [ApplicationImpl pooled thread 3431] INFO  c.b.l.BrowserStackRunExtension - Agent path: null
11:51:48.755 [ApplicationImpl pooled thread 3426] INFO  c.b.l.BrowserStackRunExtension - cucumber java
11:51:48.755 [ApplicationImpl pooled thread 3426] INFO  com.browserstack.utils.Helpers - null
11:51:48.756 [ApplicationImpl pooled thread 3426] INFO  c.b.l.BrowserStackRunExtension - Agent path: null
11:53:38.606 [ApplicationImpl pooled thread 3435] INFO  c.b.l.BrowserStackRunExtension - cucumber java
11:53:38.606 [ApplicationImpl pooled thread 3435] INFO  com.browserstack.utils.Helpers - null
11:53:38.606 [ApplicationImpl pooled thread 3435] INFO  c.b.l.BrowserStackRunExtension - Agent path: null
11:58:48.742 [ApplicationImpl pooled thread 3438] INFO  c.b.l.BrowserStackRunExtension - cucumber java
11:58:48.743 [ApplicationImpl pooled thread 3438] INFO  com.browserstack.utils.Helpers - null
11:58:48.743 [ApplicationImpl pooled thread 3438] INFO  c.b.l.BrowserStackRunExtension - Agent path: null
12:03:06.992 [ApplicationImpl pooled thread 3424] INFO  c.b.l.BrowserStackRunExtension - cucumber java
12:03:06.993 [ApplicationImpl pooled thread 3424] INFO  com.browserstack.utils.Helpers - null
12:03:06.993 [ApplicationImpl pooled thread 3424] INFO  c.b.l.BrowserStackRunExtension - Agent path: null
12:06:53.077 [ApplicationImpl pooled thread 3454] INFO  c.b.l.BrowserStackRunExtension - cucumber java
12:06:53.077 [ApplicationImpl pooled thread 3454] INFO  com.browserstack.utils.Helpers - null
12:06:53.078 [ApplicationImpl pooled thread 3454] INFO  c.b.l.BrowserStackRunExtension - Agent path: null
12:10:31.438 [ApplicationImpl pooled thread 3424] INFO  c.b.l.BrowserStackRunExtension - cucumber java
12:10:31.438 [ApplicationImpl pooled thread 3424] INFO  com.browserstack.utils.Helpers - null
12:10:31.438 [ApplicationImpl pooled thread 3424] INFO  c.b.l.BrowserStackRunExtension - Agent path: null
12:11:30.813 [ApplicationImpl pooled thread 3463] INFO  c.b.l.BrowserStackRunExtension - cucumber java
12:11:30.813 [ApplicationImpl pooled thread 3463] INFO  com.browserstack.utils.Helpers - null
12:11:30.813 [ApplicationImpl pooled thread 3463] INFO  c.b.l.BrowserStackRunExtension - Agent path: null
12:12:07.900 [ApplicationImpl pooled thread 3462] INFO  c.b.l.BrowserStackRunExtension - cucumber java
12:12:07.900 [ApplicationImpl pooled thread 3462] INFO  com.browserstack.utils.Helpers - null
12:12:07.901 [ApplicationImpl pooled thread 3462] INFO  c.b.l.BrowserStackRunExtension - Agent path: null
12:12:17.073 [ApplicationImpl pooled thread 3462] INFO  c.b.l.BrowserStackRunExtension - cucumber java
12:12:17.074 [ApplicationImpl pooled thread 3462] INFO  com.browserstack.utils.Helpers - null
12:12:17.074 [ApplicationImpl pooled thread 3462] INFO  c.b.l.BrowserStackRunExtension - Agent path: null
12:25:41.486 [ApplicationImpl pooled thread 3462] INFO  c.b.l.BrowserStackRunExtension - cucumber java
12:25:41.487 [ApplicationImpl pooled thread 3462] INFO  com.browserstack.utils.Helpers - null
12:25:41.487 [ApplicationImpl pooled thread 3462] INFO  c.b.l.BrowserStackRunExtension - Agent path: null
12:36:59.874 [ApplicationImpl pooled thread 3474] INFO  c.b.l.BrowserStackRunExtension - cucumber java
12:36:59.874 [ApplicationImpl pooled thread 3474] INFO  com.browserstack.utils.Helpers - null
12:36:59.874 [ApplicationImpl pooled thread 3474] INFO  c.b.l.BrowserStackRunExtension - Agent path: null
13:23:42.438 [ApplicationImpl pooled thread 3509] INFO  c.b.l.BrowserStackRunExtension - cucumber java
13:23:42.438 [ApplicationImpl pooled thread 3509] INFO  com.browserstack.utils.Helpers - null
13:23:42.438 [ApplicationImpl pooled thread 3509] INFO  c.b.l.BrowserStackRunExtension - Agent path: null
13:28:05.653 [ApplicationImpl pooled thread 3509] INFO  c.b.l.BrowserStackRunExtension - cucumber java
13:28:05.654 [ApplicationImpl pooled thread 3509] INFO  com.browserstack.utils.Helpers - null
13:28:05.654 [ApplicationImpl pooled thread 3509] INFO  c.b.l.BrowserStackRunExtension - Agent path: null
13:33:37.349 [ApplicationImpl pooled thread 3509] INFO  c.b.l.BrowserStackRunExtension - cucumber java
13:33:37.349 [ApplicationImpl pooled thread 3509] INFO  com.browserstack.utils.Helpers - null
13:33:37.349 [ApplicationImpl pooled thread 3509] INFO  c.b.l.BrowserStackRunExtension - Agent path: null
13:35:15.787 [ApplicationImpl pooled thread 3518] INFO  c.b.l.BrowserStackRunExtension - cucumber java
13:35:15.787 [ApplicationImpl pooled thread 3518] INFO  com.browserstack.utils.Helpers - null
13:35:15.787 [ApplicationImpl pooled thread 3518] INFO  c.b.l.BrowserStackRunExtension - Agent path: null
16:30:11.910 [ApplicationImpl pooled thread 3606] INFO  c.b.l.BrowserStackRunExtension - cucumber java
16:30:11.911 [ApplicationImpl pooled thread 3606] INFO  com.browserstack.utils.Helpers - null
16:30:11.911 [ApplicationImpl pooled thread 3606] INFO  c.b.l.BrowserStackRunExtension - Agent path: null
16:30:44.821 [ApplicationImpl pooled thread 3607] INFO  c.b.l.BrowserStackRunExtension - cucumber java
16:30:44.821 [ApplicationImpl pooled thread 3607] INFO  com.browserstack.utils.Helpers - null
16:30:44.822 [ApplicationImpl pooled thread 3607] INFO  c.b.l.BrowserStackRunExtension - Agent path: null
16:35:00.121 [ApplicationImpl pooled thread 3606] INFO  c.b.l.BrowserStackRunExtension - cucumber java
16:35:00.121 [ApplicationImpl pooled thread 3606] INFO  com.browserstack.utils.Helpers - null
16:35:00.122 [ApplicationImpl pooled thread 3606] INFO  c.b.l.BrowserStackRunExtension - Agent path: null
16:57:12.991 [ApplicationImpl pooled thread 3615] INFO  c.b.l.BrowserStackRunExtension - cucumber java
16:57:12.991 [ApplicationImpl pooled thread 3615] INFO  com.browserstack.utils.Helpers - null
16:57:12.991 [ApplicationImpl pooled thread 3615] INFO  c.b.l.BrowserStackRunExtension - Agent path: null
17:07:41.196 [ApplicationImpl pooled thread 3616] INFO  c.b.l.BrowserStackRunExtension - junit
17:07:41.196 [ApplicationImpl pooled thread 3616] INFO  com.browserstack.utils.Helpers - null
17:07:41.196 [ApplicationImpl pooled thread 3616] INFO  c.b.l.BrowserStackRunExtension - Agent path: null
17:08:47.577 [ApplicationImpl pooled thread 3625] INFO  c.b.l.BrowserStackRunExtension - junit
17:08:47.577 [ApplicationImpl pooled thread 3625] INFO  com.browserstack.utils.Helpers - null
17:08:47.578 [ApplicationImpl pooled thread 3625] INFO  c.b.l.BrowserStackRunExtension - Agent path: null
17:09:39.647 [ApplicationImpl pooled thread 3625] INFO  c.b.l.BrowserStackRunExtension - junit
17:09:39.647 [ApplicationImpl pooled thread 3625] INFO  com.browserstack.utils.Helpers - null
17:09:39.647 [ApplicationImpl pooled thread 3625] INFO  c.b.l.BrowserStackRunExtension - Agent path: null
17:10:59.600 [ApplicationImpl pooled thread 3623] INFO  c.b.l.BrowserStackRunExtension - junit
17:10:59.600 [ApplicationImpl pooled thread 3623] INFO  com.browserstack.utils.Helpers - null
17:10:59.601 [ApplicationImpl pooled thread 3623] INFO  c.b.l.BrowserStackRunExtension - Agent path: null
11:40:40.440 [ApplicationImpl pooled thread 27] INFO  c.b.l.BrowserStackRunExtension - junit
11:40:40.441 [ApplicationImpl pooled thread 27] INFO  com.browserstack.utils.Helpers - null
11:40:40.441 [ApplicationImpl pooled thread 27] INFO  c.b.l.BrowserStackRunExtension - Agent path: null
11:42:02.637 [ApplicationImpl pooled thread 27] INFO  c.b.l.BrowserStackRunExtension - junit
11:42:02.637 [ApplicationImpl pooled thread 27] INFO  com.browserstack.utils.Helpers - null
11:42:02.639 [ApplicationImpl pooled thread 27] INFO  c.b.l.BrowserStackRunExtension - Agent path: null
11:42:33.579 [ApplicationImpl pooled thread 29] INFO  c.b.l.BrowserStackRunExtension - junit
11:42:33.579 [ApplicationImpl pooled thread 29] INFO  com.browserstack.utils.Helpers - null
11:42:33.580 [ApplicationImpl pooled thread 29] INFO  c.b.l.BrowserStackRunExtension - Agent path: null
11:56:26.874 [AWT-EventQueue-0] INFO  c.b.actions.DisableBrowserStack - Setting disable browserstack run update
11:56:26.882 [AWT-EventQueue-0] INFO  c.b.actions.EnableBrowserStack - Setting enable browserstack run update
14:05:34.964 [ApplicationImpl pooled thread 108] INFO  c.b.l.BrowserStackRunExtension - junit
14:05:34.964 [ApplicationImpl pooled thread 108] INFO  com.browserstack.utils.Helpers - null
14:05:34.965 [ApplicationImpl pooled thread 108] INFO  c.b.l.BrowserStackRunExtension - Agent path: null
14:10:57.233 [ApplicationImpl pooled thread 110] INFO  c.b.l.BrowserStackRunExtension - junit
14:10:57.233 [ApplicationImpl pooled thread 110] INFO  com.browserstack.utils.Helpers - null
14:10:57.233 [ApplicationImpl pooled thread 110] INFO  c.b.l.BrowserStackRunExtension - Agent path: null
14:24:43.797 [ApplicationImpl pooled thread 125] INFO  c.b.l.BrowserStackRunExtension - maven
14:24:43.797 [ApplicationImpl pooled thread 125] INFO  com.browserstack.utils.Helpers - null
14:25:44.719 [ApplicationImpl pooled thread 124] INFO  c.b.l.BrowserStackRunExtension - junit
14:25:44.720 [ApplicationImpl pooled thread 124] INFO  com.browserstack.utils.Helpers - null
14:25:44.720 [ApplicationImpl pooled thread 124] INFO  c.b.l.BrowserStackRunExtension - Agent path: null
15:46:35.082 [ApplicationImpl pooled thread 163] INFO  c.b.l.BrowserStackRunExtension - junit
15:46:35.082 [ApplicationImpl pooled thread 163] INFO  com.browserstack.utils.Helpers - null
15:46:35.082 [ApplicationImpl pooled thread 163] INFO  c.b.l.BrowserStackRunExtension - Agent path: null
15:48:18.631 [ApplicationImpl pooled thread 173] INFO  c.b.l.BrowserStackRunExtension - junit
15:48:18.631 [ApplicationImpl pooled thread 173] INFO  com.browserstack.utils.Helpers - null
15:48:18.632 [ApplicationImpl pooled thread 173] INFO  c.b.l.BrowserStackRunExtension - Agent path: null
15:52:19.432 [ApplicationImpl pooled thread 163] INFO  c.b.l.BrowserStackRunExtension - junit
15:52:19.432 [ApplicationImpl pooled thread 163] INFO  com.browserstack.utils.Helpers - null
15:52:19.433 [ApplicationImpl pooled thread 163] INFO  c.b.l.BrowserStackRunExtension - Agent path: null
16:04:50.874 [ApplicationImpl pooled thread 178] INFO  c.b.l.BrowserStackRunExtension - junit
16:04:50.874 [ApplicationImpl pooled thread 178] INFO  com.browserstack.utils.Helpers - null
16:04:50.875 [ApplicationImpl pooled thread 178] INFO  c.b.l.BrowserStackRunExtension - Agent path: null
16:05:18.657 [ApplicationImpl pooled thread 181] INFO  c.b.l.BrowserStackRunExtension - junit
16:05:18.657 [ApplicationImpl pooled thread 181] INFO  com.browserstack.utils.Helpers - null
16:05:18.657 [ApplicationImpl pooled thread 181] INFO  c.b.l.BrowserStackRunExtension - Agent path: null
16:08:06.508 [ApplicationImpl pooled thread 180] INFO  c.b.l.BrowserStackRunExtension - junit
16:08:06.508 [ApplicationImpl pooled thread 180] INFO  com.browserstack.utils.Helpers - null
16:08:06.509 [ApplicationImpl pooled thread 180] INFO  c.b.l.BrowserStackRunExtension - Agent path: null
16:08:34.221 [ApplicationImpl pooled thread 180] INFO  c.b.l.BrowserStackRunExtension - junit
16:08:34.222 [ApplicationImpl pooled thread 180] INFO  com.browserstack.utils.Helpers - null
16:08:34.222 [ApplicationImpl pooled thread 180] INFO  c.b.l.BrowserStackRunExtension - Agent path: null
16:11:49.663 [ApplicationImpl pooled thread 181] INFO  c.b.l.BrowserStackRunExtension - junit
16:11:49.663 [ApplicationImpl pooled thread 181] INFO  com.browserstack.utils.Helpers - null
16:11:49.663 [ApplicationImpl pooled thread 181] INFO  c.b.l.BrowserStackRunExtension - Agent path: null
16:12:37.801 [ApplicationImpl pooled thread 193] INFO  c.b.l.BrowserStackRunExtension - junit
16:12:37.801 [ApplicationImpl pooled thread 193] INFO  com.browserstack.utils.Helpers - null
16:12:37.801 [ApplicationImpl pooled thread 193] INFO  c.b.l.BrowserStackRunExtension - Agent path: null
16:12:47.471 [ApplicationImpl pooled thread 181] INFO  c.b.l.BrowserStackRunExtension - junit
16:12:47.471 [ApplicationImpl pooled thread 181] INFO  com.browserstack.utils.Helpers - null
16:12:47.471 [ApplicationImpl pooled thread 181] INFO  c.b.l.BrowserStackRunExtension - Agent path: null
16:15:29.709 [ApplicationImpl pooled thread 194] INFO  c.b.l.BrowserStackRunExtension - junit
16:15:29.709 [ApplicationImpl pooled thread 194] INFO  com.browserstack.utils.Helpers - null
16:15:29.710 [ApplicationImpl pooled thread 194] INFO  c.b.l.BrowserStackRunExtension - Agent path: null
16:40:55.861 [ApplicationImpl pooled thread 207] INFO  c.b.l.BrowserStackRunExtension - junit
16:40:55.861 [ApplicationImpl pooled thread 207] INFO  com.browserstack.utils.Helpers - null
16:40:55.861 [ApplicationImpl pooled thread 207] INFO  c.b.l.BrowserStackRunExtension - Agent path: null
16:41:46.421 [ApplicationImpl pooled thread 208] INFO  c.b.l.BrowserStackRunExtension - junit
16:41:46.421 [ApplicationImpl pooled thread 208] INFO  com.browserstack.utils.Helpers - null
16:41:46.421 [ApplicationImpl pooled thread 208] INFO  c.b.l.BrowserStackRunExtension - Agent path: null
16:42:15.255 [ApplicationImpl pooled thread 205] INFO  c.b.l.BrowserStackRunExtension - junit
16:42:15.255 [ApplicationImpl pooled thread 205] INFO  com.browserstack.utils.Helpers - null
16:42:15.255 [ApplicationImpl pooled thread 205] INFO  c.b.l.BrowserStackRunExtension - Agent path: null
16:42:42.502 [ApplicationImpl pooled thread 206] INFO  c.b.l.BrowserStackRunExtension - junit
16:42:42.502 [ApplicationImpl pooled thread 206] INFO  com.browserstack.utils.Helpers - null
16:42:42.503 [ApplicationImpl pooled thread 206] INFO  c.b.l.BrowserStackRunExtension - Agent path: null
10:57:46.421 [ApplicationImpl pooled thread 338] INFO  c.b.l.BrowserStackRunExtension - junit
10:57:46.421 [ApplicationImpl pooled thread 338] INFO  com.browserstack.utils.Helpers - null
10:57:46.421 [ApplicationImpl pooled thread 338] INFO  c.b.l.BrowserStackRunExtension - Agent path: null
14:48:09.361 [ApplicationImpl pooled thread 446] INFO  c.b.l.BrowserStackRunExtension - junit
14:48:09.361 [ApplicationImpl pooled thread 446] INFO  com.browserstack.utils.Helpers - null
14:48:09.361 [ApplicationImpl pooled thread 446] INFO  c.b.l.BrowserStackRunExtension - Agent path: null
15:09:35.588 [ApplicationImpl pooled thread 460] INFO  c.b.l.BrowserStackRunExtension - junit
15:09:35.588 [ApplicationImpl pooled thread 460] INFO  com.browserstack.utils.Helpers - null
15:09:35.589 [ApplicationImpl pooled thread 460] INFO  c.b.l.BrowserStackRunExtension - Agent path: null
15:11:07.401 [AWT-EventQueue-0] INFO  c.b.actions.DisableBrowserStack - Setting disable browserstack run update
15:11:07.406 [AWT-EventQueue-0] INFO  c.b.actions.EnableBrowserStack - Setting enable browserstack run update
11:43:47.224 [ApplicationImpl pooled thread 662] INFO  c.b.l.BrowserStackRunExtension - junit
11:43:47.224 [ApplicationImpl pooled thread 662] INFO  com.browserstack.utils.Helpers - null
11:43:47.225 [ApplicationImpl pooled thread 662] INFO  c.b.l.BrowserStackRunExtension - Agent path: null
11:54:36.210 [ApplicationImpl pooled thread 674] INFO  c.b.l.BrowserStackRunExtension - junit
11:54:36.210 [ApplicationImpl pooled thread 674] INFO  com.browserstack.utils.Helpers - null
11:54:36.211 [ApplicationImpl pooled thread 674] INFO  c.b.l.BrowserStackRunExtension - Agent path: null
11:55:03.847 [ApplicationImpl pooled thread 680] INFO  c.b.l.BrowserStackRunExtension - junit
11:55:03.848 [ApplicationImpl pooled thread 680] INFO  com.browserstack.utils.Helpers - null
11:55:03.848 [ApplicationImpl pooled thread 680] INFO  c.b.l.BrowserStackRunExtension - Agent path: null
12:06:58.380 [ApplicationImpl pooled thread 674] INFO  c.b.l.BrowserStackRunExtension - junit
12:06:58.380 [ApplicationImpl pooled thread 674] INFO  com.browserstack.utils.Helpers - null
12:06:58.381 [ApplicationImpl pooled thread 674] INFO  c.b.l.BrowserStackRunExtension - Agent path: null
12:08:39.810 [ApplicationImpl pooled thread 691] INFO  c.b.l.BrowserStackRunExtension - junit
12:08:39.810 [ApplicationImpl pooled thread 691] INFO  com.browserstack.utils.Helpers - null
12:08:39.810 [ApplicationImpl pooled thread 691] INFO  c.b.l.BrowserStackRunExtension - Agent path: null
12:08:52.935 [ApplicationImpl pooled thread 691] INFO  c.b.l.BrowserStackRunExtension - junit
12:08:52.935 [ApplicationImpl pooled thread 691] INFO  com.browserstack.utils.Helpers - null
12:08:52.935 [ApplicationImpl pooled thread 691] INFO  c.b.l.BrowserStackRunExtension - Agent path: null
16:15:48.642 [ApplicationImpl pooled thread 24] INFO  c.b.l.BrowserStackRunExtension - junit
16:15:48.643 [ApplicationImpl pooled thread 24] INFO  com.browserstack.utils.Helpers - null
16:15:48.643 [ApplicationImpl pooled thread 24] INFO  c.b.l.BrowserStackRunExtension - Agent path: null
14:00:59.039 [ApplicationImpl pooled thread 2492] INFO  c.b.l.BrowserStackRunExtension - junit
14:00:59.039 [ApplicationImpl pooled thread 2492] INFO  com.browserstack.utils.Helpers - null
14:00:59.040 [ApplicationImpl pooled thread 2492] INFO  c.b.l.BrowserStackRunExtension - Agent path: null
14:02:51.652 [ApplicationImpl pooled thread 2492] INFO  c.b.l.BrowserStackRunExtension - junit
14:02:51.652 [ApplicationImpl pooled thread 2492] INFO  com.browserstack.utils.Helpers - null
14:02:51.652 [ApplicationImpl pooled thread 2492] INFO  c.b.l.BrowserStackRunExtension - Agent path: null
14:03:29.344 [ApplicationImpl pooled thread 2494] INFO  c.b.l.BrowserStackRunExtension - junit
14:03:29.344 [ApplicationImpl pooled thread 2494] INFO  com.browserstack.utils.Helpers - null
14:03:29.344 [ApplicationImpl pooled thread 2494] INFO  c.b.l.BrowserStackRunExtension - Agent path: null
15:49:22.412 [ApplicationImpl pooled thread 2551] INFO  c.b.l.BrowserStackRunExtension - junit
15:49:22.412 [ApplicationImpl pooled thread 2551] INFO  com.browserstack.utils.Helpers - null
15:49:22.413 [ApplicationImpl pooled thread 2551] INFO  c.b.l.BrowserStackRunExtension - Agent path: null
16:03:15.216 [ApplicationImpl pooled thread 2565] INFO  c.b.l.BrowserStackRunExtension - junit
16:03:15.216 [ApplicationImpl pooled thread 2565] INFO  com.browserstack.utils.Helpers - null
16:03:15.216 [ApplicationImpl pooled thread 2565] INFO  c.b.l.BrowserStackRunExtension - Agent path: null
16:06:34.802 [ApplicationImpl pooled thread 2551] INFO  c.b.l.BrowserStackRunExtension - junit
16:06:34.802 [ApplicationImpl pooled thread 2551] INFO  com.browserstack.utils.Helpers - null
16:06:34.802 [ApplicationImpl pooled thread 2551] INFO  c.b.l.BrowserStackRunExtension - Agent path: null
16:12:36.468 [ApplicationImpl pooled thread 2571] INFO  c.b.l.BrowserStackRunExtension - junit
16:12:36.468 [ApplicationImpl pooled thread 2571] INFO  com.browserstack.utils.Helpers - null
16:12:36.469 [ApplicationImpl pooled thread 2571] INFO  c.b.l.BrowserStackRunExtension - Agent path: null
16:13:21.984 [ApplicationImpl pooled thread 2578] INFO  c.b.l.BrowserStackRunExtension - junit
16:13:21.984 [ApplicationImpl pooled thread 2578] INFO  com.browserstack.utils.Helpers - null
16:13:21.985 [ApplicationImpl pooled thread 2578] INFO  c.b.l.BrowserStackRunExtension - Agent path: null
16:14:13.490 [ApplicationImpl pooled thread 2563] INFO  c.b.l.BrowserStackRunExtension - junit
16:14:13.490 [ApplicationImpl pooled thread 2563] INFO  com.browserstack.utils.Helpers - null
16:14:13.490 [ApplicationImpl pooled thread 2563] INFO  c.b.l.BrowserStackRunExtension - Agent path: null
16:39:26.931 [ApplicationImpl pooled thread 2595] INFO  c.b.l.BrowserStackRunExtension - junit
16:39:26.931 [ApplicationImpl pooled thread 2595] INFO  com.browserstack.utils.Helpers - null
16:39:26.931 [ApplicationImpl pooled thread 2595] INFO  c.b.l.BrowserStackRunExtension - Agent path: null
16:40:53.088 [ApplicationImpl pooled thread 2594] INFO  c.b.l.BrowserStackRunExtension - junit
16:40:53.088 [ApplicationImpl pooled thread 2594] INFO  com.browserstack.utils.Helpers - null
16:40:53.088 [ApplicationImpl pooled thread 2594] INFO  c.b.l.BrowserStackRunExtension - Agent path: null
16:45:20.334 [ApplicationImpl pooled thread 2595] INFO  c.b.l.BrowserStackRunExtension - junit
16:45:20.334 [ApplicationImpl pooled thread 2595] INFO  com.browserstack.utils.Helpers - null
16:45:20.334 [ApplicationImpl pooled thread 2595] INFO  c.b.l.BrowserStackRunExtension - Agent path: null
16:47:27.939 [ApplicationImpl pooled thread 2601] INFO  c.b.l.BrowserStackRunExtension - junit
16:47:27.939 [ApplicationImpl pooled thread 2601] INFO  com.browserstack.utils.Helpers - null
16:47:27.939 [ApplicationImpl pooled thread 2601] INFO  c.b.l.BrowserStackRunExtension - Agent path: null
13:37:11.283 [ApplicationImpl pooled thread 1145] INFO  c.b.l.BrowserStackRunExtension - junit
13:37:11.283 [ApplicationImpl pooled thread 1145] INFO  com.browserstack.utils.Helpers - null
13:37:11.283 [ApplicationImpl pooled thread 1145] INFO  c.b.l.BrowserStackRunExtension - Agent path: null
13:45:59.868 [ApplicationImpl pooled thread 1153] INFO  c.b.l.BrowserStackRunExtension - junit
13:45:59.868 [ApplicationImpl pooled thread 1153] INFO  com.browserstack.utils.Helpers - null
13:45:59.868 [ApplicationImpl pooled thread 1153] INFO  c.b.l.BrowserStackRunExtension - Agent path: null
13:46:49.468 [ApplicationImpl pooled thread 1153] INFO  c.b.l.BrowserStackRunExtension - junit
13:46:49.468 [ApplicationImpl pooled thread 1153] INFO  com.browserstack.utils.Helpers - null
13:46:49.469 [ApplicationImpl pooled thread 1153] INFO  c.b.l.BrowserStackRunExtension - Agent path: null
13:47:07.831 [ApplicationImpl pooled thread 1152] INFO  c.b.l.BrowserStackRunExtension - junit
13:47:07.831 [ApplicationImpl pooled thread 1152] INFO  com.browserstack.utils.Helpers - null
13:47:07.831 [ApplicationImpl pooled thread 1152] INFO  c.b.l.BrowserStackRunExtension - Agent path: null
13:50:04.795 [ApplicationImpl pooled thread 1150] INFO  c.b.l.BrowserStackRunExtension - junit
13:50:04.795 [ApplicationImpl pooled thread 1150] INFO  com.browserstack.utils.Helpers - null
13:50:04.796 [ApplicationImpl pooled thread 1150] INFO  c.b.l.BrowserStackRunExtension - Agent path: null
13:51:07.431 [ApplicationImpl pooled thread 1145] INFO  c.b.l.BrowserStackRunExtension - junit
13:51:07.431 [ApplicationImpl pooled thread 1145] INFO  com.browserstack.utils.Helpers - null
13:51:07.432 [ApplicationImpl pooled thread 1145] INFO  c.b.l.BrowserStackRunExtension - Agent path: null
14:59:05.980 [AWT-EventQueue-0] INFO  c.b.actions.DisableBrowserStack - Setting disable browserstack run update
14:59:05.982 [AWT-EventQueue-0] INFO  c.b.actions.EnableBrowserStack - Setting enable browserstack run update
15:47:05.831 [ApplicationImpl pooled thread 1210] INFO  c.b.l.BrowserStackRunExtension - junit
15:47:05.831 [ApplicationImpl pooled thread 1210] INFO  com.browserstack.utils.Helpers - null
15:47:05.832 [ApplicationImpl pooled thread 1210] INFO  c.b.l.BrowserStackRunExtension - Agent path: null
15:47:46.501 [ApplicationImpl pooled thread 1218] INFO  c.b.l.BrowserStackRunExtension - junit
15:47:46.501 [ApplicationImpl pooled thread 1218] INFO  com.browserstack.utils.Helpers - null
15:47:46.501 [ApplicationImpl pooled thread 1218] INFO  c.b.l.BrowserStackRunExtension - Agent path: null
15:48:04.998 [ApplicationImpl pooled thread 1219] INFO  c.b.l.BrowserStackRunExtension - junit
15:48:04.998 [ApplicationImpl pooled thread 1219] INFO  com.browserstack.utils.Helpers - null
15:48:04.998 [ApplicationImpl pooled thread 1219] INFO  c.b.l.BrowserStackRunExtension - Agent path: null
15:55:34.422 [ApplicationImpl pooled thread 1225] INFO  c.b.l.BrowserStackRunExtension - junit
15:55:34.422 [ApplicationImpl pooled thread 1225] INFO  com.browserstack.utils.Helpers - null
15:55:34.423 [ApplicationImpl pooled thread 1225] INFO  c.b.l.BrowserStackRunExtension - Agent path: null
15:56:53.255 [ApplicationImpl pooled thread 1218] INFO  c.b.l.BrowserStackRunExtension - junit
15:56:53.255 [ApplicationImpl pooled thread 1218] INFO  com.browserstack.utils.Helpers - null
15:56:53.256 [ApplicationImpl pooled thread 1218] INFO  c.b.l.BrowserStackRunExtension - Agent path: null
15:57:19.732 [ApplicationImpl pooled thread 1228] INFO  c.b.l.BrowserStackRunExtension - junit
15:57:19.732 [ApplicationImpl pooled thread 1228] INFO  com.browserstack.utils.Helpers - null
15:57:19.732 [ApplicationImpl pooled thread 1228] INFO  c.b.l.BrowserStackRunExtension - Agent path: null
16:06:45.439 [ApplicationImpl pooled thread 1227] INFO  c.b.l.BrowserStackRunExtension - junit
16:06:45.439 [ApplicationImpl pooled thread 1227] INFO  com.browserstack.utils.Helpers - null
16:06:45.441 [ApplicationImpl pooled thread 1227] INFO  c.b.l.BrowserStackRunExtension - Agent path: null
16:20:10.482 [ApplicationImpl pooled thread 1238] INFO  c.b.l.BrowserStackRunExtension - junit
16:20:10.482 [ApplicationImpl pooled thread 1238] INFO  com.browserstack.utils.Helpers - null
16:20:10.482 [ApplicationImpl pooled thread 1238] INFO  c.b.l.BrowserStackRunExtension - Agent path: null
16:22:28.772 [ApplicationImpl pooled thread 1237] INFO  c.b.l.BrowserStackRunExtension - junit
16:22:28.772 [ApplicationImpl pooled thread 1237] INFO  com.browserstack.utils.Helpers - null
16:22:28.772 [ApplicationImpl pooled thread 1237] INFO  c.b.l.BrowserStackRunExtension - Agent path: null
16:25:49.997 [ApplicationImpl pooled thread 1241] INFO  c.b.l.BrowserStackRunExtension - junit
16:25:49.997 [ApplicationImpl pooled thread 1241] INFO  com.browserstack.utils.Helpers - null
16:25:49.998 [ApplicationImpl pooled thread 1241] INFO  c.b.l.BrowserStackRunExtension - Agent path: null
16:26:33.038 [ApplicationImpl pooled thread 1243] INFO  c.b.l.BrowserStackRunExtension - junit
16:26:33.039 [ApplicationImpl pooled thread 1243] INFO  com.browserstack.utils.Helpers - null
16:26:33.039 [ApplicationImpl pooled thread 1243] INFO  c.b.l.BrowserStackRunExtension - Agent path: null
16:28:08.885 [ApplicationImpl pooled thread 1235] INFO  c.b.l.BrowserStackRunExtension - junit
16:28:08.886 [ApplicationImpl pooled thread 1235] INFO  com.browserstack.utils.Helpers - null
16:28:08.886 [ApplicationImpl pooled thread 1235] INFO  c.b.l.BrowserStackRunExtension - Agent path: null
16:28:50.403 [ApplicationImpl pooled thread 1240] INFO  c.b.l.BrowserStackRunExtension - junit
16:28:50.403 [ApplicationImpl pooled thread 1240] INFO  com.browserstack.utils.Helpers - null
16:28:50.404 [ApplicationImpl pooled thread 1240] INFO  c.b.l.BrowserStackRunExtension - Agent path: null
11:05:55.375 [ApplicationImpl pooled thread 1376] INFO  c.b.l.BrowserStackRunExtension - junit
11:05:55.375 [ApplicationImpl pooled thread 1376] INFO  com.browserstack.utils.Helpers - null
11:05:55.375 [ApplicationImpl pooled thread 1376] INFO  c.b.l.BrowserStackRunExtension - Agent path: null
12:56:52.963 [ApplicationImpl pooled thread 1452] INFO  c.b.l.BrowserStackRunExtension - junit
12:56:52.963 [ApplicationImpl pooled thread 1452] INFO  com.browserstack.utils.Helpers - null
12:56:52.964 [ApplicationImpl pooled thread 1452] INFO  c.b.l.BrowserStackRunExtension - Agent path: null
13:00:32.446 [ApplicationImpl pooled thread 1455] INFO  c.b.l.BrowserStackRunExtension - junit
13:00:32.446 [ApplicationImpl pooled thread 1455] INFO  com.browserstack.utils.Helpers - null
13:00:32.446 [ApplicationImpl pooled thread 1455] INFO  c.b.l.BrowserStackRunExtension - Agent path: null
13:02:37.562 [ApplicationImpl pooled thread 1462] INFO  c.b.l.BrowserStackRunExtension - junit
13:02:37.562 [ApplicationImpl pooled thread 1462] INFO  com.browserstack.utils.Helpers - null
13:02:37.564 [ApplicationImpl pooled thread 1462] INFO  c.b.l.BrowserStackRunExtension - Agent path: null
13:24:43.658 [ApplicationImpl pooled thread 1465] INFO  c.b.l.BrowserStackRunExtension - junit
13:24:43.658 [ApplicationImpl pooled thread 1465] INFO  com.browserstack.utils.Helpers - null
13:24:43.658 [ApplicationImpl pooled thread 1465] INFO  c.b.l.BrowserStackRunExtension - Agent path: null
14:42:23.333 [ApplicationImpl pooled thread 1515] INFO  c.b.l.BrowserStackRunExtension - junit
14:42:23.334 [ApplicationImpl pooled thread 1515] INFO  com.browserstack.utils.Helpers - null
14:42:23.334 [ApplicationImpl pooled thread 1515] INFO  c.b.l.BrowserStackRunExtension - Agent path: null
15:13:10.260 [ApplicationImpl pooled thread 1524] INFO  c.b.l.BrowserStackRunExtension - junit
15:13:10.260 [ApplicationImpl pooled thread 1524] INFO  com.browserstack.utils.Helpers - null
15:13:10.261 [ApplicationImpl pooled thread 1524] INFO  c.b.l.BrowserStackRunExtension - Agent path: null
16:25:28.555 [ApplicationImpl pooled thread 1577] INFO  c.b.l.BrowserStackRunExtension - junit
16:25:28.555 [ApplicationImpl pooled thread 1577] INFO  com.browserstack.utils.Helpers - null
16:25:28.556 [ApplicationImpl pooled thread 1577] INFO  c.b.l.BrowserStackRunExtension - Agent path: null
16:28:26.855 [ApplicationImpl pooled thread 1574] INFO  c.b.l.BrowserStackRunExtension - junit
16:28:26.856 [ApplicationImpl pooled thread 1574] INFO  com.browserstack.utils.Helpers - null
16:28:26.856 [ApplicationImpl pooled thread 1574] INFO  c.b.l.BrowserStackRunExtension - Agent path: null
16:28:32.584 [ApplicationImpl pooled thread 1579] INFO  c.b.l.BrowserStackRunExtension - junit
16:28:32.584 [ApplicationImpl pooled thread 1579] INFO  com.browserstack.utils.Helpers - null
16:28:32.585 [ApplicationImpl pooled thread 1579] INFO  c.b.l.BrowserStackRunExtension - Agent path: null
16:59:28.605 [ApplicationImpl pooled thread 1594] INFO  c.b.l.BrowserStackRunExtension - junit
16:59:28.605 [ApplicationImpl pooled thread 1594] INFO  com.browserstack.utils.Helpers - null
16:59:28.605 [ApplicationImpl pooled thread 1594] INFO  c.b.l.BrowserStackRunExtension - Agent path: null
12:41:16.377 [AWT-EventQueue-0] INFO  c.b.actions.DisableBrowserStack - Setting disable browserstack run update
12:41:16.380 [AWT-EventQueue-0] INFO  c.b.actions.EnableBrowserStack - Setting enable browserstack run update
13:19:48.368 [ApplicationImpl pooled thread 1765] INFO  c.b.l.BrowserStackRunExtension - junit
13:19:48.368 [ApplicationImpl pooled thread 1765] INFO  com.browserstack.utils.Helpers - null
13:19:48.368 [ApplicationImpl pooled thread 1765] INFO  c.b.l.BrowserStackRunExtension - Agent path: null
13:20:07.177 [ApplicationImpl pooled thread 1762] INFO  c.b.l.BrowserStackRunExtension - junit
13:20:07.177 [ApplicationImpl pooled thread 1762] INFO  com.browserstack.utils.Helpers - null
13:20:07.177 [ApplicationImpl pooled thread 1762] INFO  c.b.l.BrowserStackRunExtension - Agent path: null
13:20:28.362 [ApplicationImpl pooled thread 1764] INFO  c.b.l.BrowserStackRunExtension - junit
13:20:28.362 [ApplicationImpl pooled thread 1764] INFO  com.browserstack.utils.Helpers - null
13:20:28.362 [ApplicationImpl pooled thread 1764] INFO  c.b.l.BrowserStackRunExtension - Agent path: null
14:11:33.474 [AWT-EventQueue-0] INFO  c.b.actions.DisableBrowserStack - Setting disable browserstack run update
14:11:33.477 [AWT-EventQueue-0] INFO  c.b.actions.EnableBrowserStack - Setting enable browserstack run update
15:17:33.893 [ApplicationImpl pooled thread 1816] INFO  c.b.l.BrowserStackRunExtension - junit
15:17:33.893 [ApplicationImpl pooled thread 1816] INFO  com.browserstack.utils.Helpers - null
15:17:33.893 [ApplicationImpl pooled thread 1816] INFO  c.b.l.BrowserStackRunExtension - Agent path: null
15:18:39.681 [ApplicationImpl pooled thread 1812] INFO  c.b.l.BrowserStackRunExtension - junit
15:18:39.681 [ApplicationImpl pooled thread 1812] INFO  com.browserstack.utils.Helpers - null
15:18:39.682 [ApplicationImpl pooled thread 1812] INFO  c.b.l.BrowserStackRunExtension - Agent path: null
15:19:11.234 [ApplicationImpl pooled thread 1824] INFO  c.b.l.BrowserStackRunExtension - junit
15:19:11.234 [ApplicationImpl pooled thread 1824] INFO  com.browserstack.utils.Helpers - null
15:19:11.234 [ApplicationImpl pooled thread 1824] INFO  c.b.l.BrowserStackRunExtension - Agent path: null
15:19:42.216 [ApplicationImpl pooled thread 1812] INFO  c.b.l.BrowserStackRunExtension - junit
15:19:42.216 [ApplicationImpl pooled thread 1812] INFO  com.browserstack.utils.Helpers - null
15:19:42.216 [ApplicationImpl pooled thread 1812] INFO  c.b.l.BrowserStackRunExtension - Agent path: null
15:23:25.009 [ApplicationImpl pooled thread 1824] INFO  c.b.l.BrowserStackRunExtension - junit
15:23:25.009 [ApplicationImpl pooled thread 1824] INFO  com.browserstack.utils.Helpers - null
15:23:25.010 [ApplicationImpl pooled thread 1824] INFO  c.b.l.BrowserStackRunExtension - Agent path: null
